# JRE version: Java(TM) SE Runtime Environment (8.0_171-b11) (build 1.8.0_171-b11)
# Java VM: Java HotSpot(TM) 64-Bit Server VM (25.171-b11 mixed mode linux-amd64 compressed oops)
Heap:
 PSYoungGen      total 50688K, used 25351K [0x00000000e2a00000, 0x00000000e5f00000, 0x0000000100000000)
  eden space 47104K, 53% used [0x00000000e2a00000,0x00000000e42c1dc8,0x00000000e5800000)
  from space 3584K, 0% used [0x00000000e5800000,0x00000000e5800000,0x00000000e5b80000)
  to   space 3584K, 0% used [0x00000000e5b80000,0x00000000e5b80000,0x00000000e5f00000)
 ParOldGen       total 46080K, used 7967K [0x00000000a7e00000, 0x00000000aab00000, 0x00000000e2a00000)
  object space 46080K, 17% used [0x00000000a7e00000,0x00000000a85c7d58,0x00000000aab00000)
 Metaspace       used 25181K, capacity 25992K, committed 26112K, reserved 1071104K
  class space    used 3286K, capacity 3496K, committed 3584K, reserved 1048576K
GC Heap History (8 events):
Event: 1,412 GC heap before
{Heap before GC invocations=1 (full 0):
 PSYoungGen      total 27136K, used 23507K [0x00000000e2a00000, 0x00000000e4800000, 0x0000000100000000)
  eden space 23552K, 99% used [0x00000000e2a00000,0x00000000e40f4cb0,0x00000000e4100000)
  from space 3584K, 0% used [0x00000000e4480000,0x00000000e4480000,0x00000000e4800000)
  to   space 3584K, 0% used [0x00000000e4100000,0x00000000e4100000,0x00000000e4480000)
 ParOldGen       total 61440K, used 0K [0x00000000a7e00000, 0x00000000aba00000, 0x00000000e2a00000)
  object space 61440K, 0% used [0x00000000a7e00000,0x00000000a7e00000,0x00000000aba00000)
 Metaspace       used 9676K, capacity 10020K, committed 10240K, reserved 1058816K
  class space    used 1144K, capacity 1270K, committed 1280K, reserved 1048576K
Event: 1,431 GC heap after
Heap after GC invocations=1 (full 0):
 PSYoungGen      total 27136K, used 3255K [0x00000000e2a00000, 0x00000000e5f00000, 0x0000000100000000)
  eden space 23552K, 0% used [0x00000000e2a00000,0x00000000e2a00000,0x00000000e4100000)
  from space 3584K, 90% used [0x00000000e4100000,0x00000000e442dda8,0x00000000e4480000)
  to   space 3584K, 0% used [0x00000000e5b80000,0x00000000e5b80000,0x00000000e5f00000)
 ParOldGen       total 61440K, used 8K [0x00000000a7e00000, 0x00000000aba00000, 0x00000000e2a00000)
  object space 61440K, 0% used [0x00000000a7e00000,0x00000000a7e02000,0x00000000aba00000)
 Metaspace       used 9676K, capacity 10020K, committed 10240K, reserved 1058816K
  class space    used 1144K, capacity 1270K, committed 1280K, reserved 1048576K
}
Event: 2,573 GC heap before
{Heap before GC invocations=2 (full 0):
 PSYoungGen      total 27136K, used 26807K [0x00000000e2a00000, 0x00000000e5f00000, 0x0000000100000000)
  eden space 23552K, 100% used [0x00000000e2a00000,0x00000000e4100000,0x00000000e4100000)
  from space 3584K, 90% used [0x00000000e4100000,0x00000000e442dda8,0x00000000e4480000)
  to   space 3584K, 0% used [0x00000000e5b80000,0x00000000e5b80000,0x00000000e5f00000)
 ParOldGen       total 61440K, used 8K [0x00000000a7e00000, 0x00000000aba00000, 0x00000000e2a00000)
  object space 61440K, 0% used [0x00000000a7e00000,0x00000000a7e02000,0x00000000aba00000)
 Metaspace       used 15669K, capacity 16214K, committed 16384K, reserved 1062912K
  class space    used 2031K, capacity 2185K, committed 2304K, reserved 1048576K
Event: 2,588 GC heap after
Heap after GC invocations=2 (full 0):
 PSYoungGen      total 50688K, used 3552K [0x00000000e2a00000, 0x00000000e5f00000, 0x0000000100000000)
  eden space 47104K, 0% used [0x00000000e2a00000,0x00000000e2a00000,0x00000000e5800000)
  from space 3584K, 99% used [0x00000000e5b80000,0x00000000e5ef8020,0x00000000e5f00000)
  to   space 3584K, 0% used [0x00000000e5800000,0x00000000e5800000,0x00000000e5b80000)
 ParOldGen       total 61440K, used 1790K [0x00000000a7e00000, 0x00000000aba00000, 0x00000000e2a00000)
  object space 61440K, 2% used [0x00000000a7e00000,0x00000000a7fbfac8,0x00000000aba00000)
 Metaspace       used 15669K, capacity 16214K, committed 16384K, reserved 1062912K
  class space    used 2031K, capacity 2185K, committed 2304K, reserved 1048576K
}
Event: 6,987 GC heap before
{Heap before GC invocations=3 (full 0):
 PSYoungGen      total 50688K, used 29313K [0x00000000e2a00000, 0x00000000e5f00000, 0x0000000100000000)
  eden space 47104K, 54% used [0x00000000e2a00000,0x00000000e43286c0,0x00000000e5800000)
  from space 3584K, 99% used [0x00000000e5b80000,0x00000000e5ef8020,0x00000000e5f00000)
  to   space 3584K, 0% used [0x00000000e5800000,0x00000000e5800000,0x00000000e5b80000)
 ParOldGen       total 61440K, used 1790K [0x00000000a7e00000, 0x00000000aba00000, 0x00000000e2a00000)
  object space 61440K, 2% used [0x00000000a7e00000,0x00000000a7fbfac8,0x00000000aba00000)
 Metaspace       used 20536K, capacity 21216K, committed 21296K, reserved 1067008K
  class space    used 2692K, capacity 2900K, committed 2944K, reserved 1048576K
Event: 6,997 GC heap after
Heap after GC invocations=3 (full 0):
 PSYoungGen      total 50688K, used 3552K [0x00000000e2a00000, 0x00000000e5f00000, 0x0000000100000000)
  eden space 47104K, 0% used [0x00000000e2a00000,0x00000000e2a00000,0x00000000e5800000)
  from space 3584K, 99% used [0x00000000e5800000,0x00000000e5b78058,0x00000000e5b80000)
  to   space 3584K, 0% used [0x00000000e5b80000,0x00000000e5b80000,0x00000000e5f00000)
 ParOldGen       total 61440K, used 6411K [0x00000000a7e00000, 0x00000000aba00000, 0x00000000e2a00000)
  object space 61440K, 10% used [0x00000000a7e00000,0x00000000a8442c40,0x00000000aba00000)
 Metaspace       used 20536K, capacity 21216K, committed 21296K, reserved 1067008K
  class space    used 2692K, capacity 2900K, committed 2944K, reserved 1048576K
}
Event: 6,997 GC heap before
{Heap before GC invocations=4 (full 1):
 PSYoungGen      total 50688K, used 3552K [0x00000000e2a00000, 0x00000000e5f00000, 0x0000000100000000)
  eden space 47104K, 0% used [0x00000000e2a00000,0x00000000e2a00000,0x00000000e5800000)
  from space 3584K, 99% used [0x00000000e5800000,0x00000000e5b78058,0x00000000e5b80000)
  to   space 3584K, 0% used [0x00000000e5b80000,0x00000000e5b80000,0x00000000e5f00000)
 ParOldGen       total 61440K, used 6411K [0x00000000a7e00000, 0x00000000aba00000, 0x00000000e2a00000)
  object space 61440K, 10% used [0x00000000a7e00000,0x00000000a8442c40,0x00000000aba00000)
 Metaspace       used 20536K, capacity 21216K, committed 21296K, reserved 1067008K
  class space    used 2692K, capacity 2900K, committed 2944K, reserved 1048576K
Event: 7,034 GC heap after
Heap after GC invocations=4 (full 1):
 PSYoungGen      total 50688K, used 0K [0x00000000e2a00000, 0x00000000e5f00000, 0x0000000100000000)
  eden space 47104K, 0% used [0x00000000e2a00000,0x00000000e2a00000,0x00000000e5800000)
  from space 3584K, 0% used [0x00000000e5800000,0x00000000e5800000,0x00000000e5b80000)
  to   space 3584K, 0% used [0x00000000e5b80000,0x00000000e5b80000,0x00000000e5f00000)
 ParOldGen       total 46080K, used 7967K [0x00000000a7e00000, 0x00000000aab00000, 0x00000000e2a00000)
  object space 46080K, 17% used [0x00000000a7e00000,0x00000000a85c7d58,0x00000000aab00000)
 Metaspace       used 20536K, capacity 21216K, committed 21296K, reserved 1067008K
  class space    used 2692K, capacity 2900K, committed 2944K, reserved 1048576K
}

