# JRE version: Java(TM) SE Runtime Environment (8.0_171-b11) (build 1.8.0_171-b11)
# Java VM: Java HotSpot(TM) 64-Bit Server VM (25.171-b11 mixed mode linux-amd64 compressed oops)
Heap:
 PSYoungGen      total 50688K, used 25815K [0x00000000e2a00000, 0x00000000e5f00000, 0x0000000100000000)
  eden space 47104K, 54% used [0x00000000e2a00000,0x00000000e4335c08,0x00000000e5800000)
  from space 3584K, 0% used [0x00000000e5800000,0x00000000e5800000,0x00000000e5b80000)
  to   space 3584K, 0% used [0x00000000e5b80000,0x00000000e5b80000,0x00000000e5f00000)
 ParOldGen       total 45056K, used 7946K [0x00000000a7e00000, 0x00000000aaa00000, 0x00000000e2a00000)
  object space 45056K, 17% used [0x00000000a7e00000,0x00000000a85c2a08,0x00000000aaa00000)
 Metaspace       used 25216K, capacity 26056K, committed 26368K, reserved 1073152K
  class space    used 3286K, capacity 3496K, committed 3584K, reserved 1048576K
GC Heap History (8 events):
Event: 1,056 GC heap before
{Heap before GC invocations=1 (full 0):
 PSYoungGen      total 27136K, used 23507K [0x00000000e2a00000, 0x00000000e4800000, 0x0000000100000000)
  eden space 23552K, 99% used [0x00000000e2a00000,0x00000000e40f4c08,0x00000000e4100000)
  from space 3584K, 0% used [0x00000000e4480000,0x00000000e4480000,0x00000000e4800000)
  to   space 3584K, 0% used [0x00000000e4100000,0x00000000e4100000,0x00000000e4480000)
 ParOldGen       total 61440K, used 0K [0x00000000a7e00000, 0x00000000aba00000, 0x00000000e2a00000)
  object space 61440K, 0% used [0x00000000a7e00000,0x00000000a7e00000,0x00000000aba00000)
 Metaspace       used 9669K, capacity 10020K, committed 10240K, reserved 1058816K
  class space    used 1144K, capacity 1270K, committed 1280K, reserved 1048576K
Event: 1,072 GC heap after
Heap after GC invocations=1 (full 0):
 PSYoungGen      total 27136K, used 3253K [0x00000000e2a00000, 0x00000000e5f00000, 0x0000000100000000)
  eden space 23552K, 0% used [0x00000000e2a00000,0x00000000e2a00000,0x00000000e4100000)
  from space 3584K, 90% used [0x00000000e4100000,0x00000000e442d4b0,0x00000000e4480000)
  to   space 3584K, 0% used [0x00000000e5b80000,0x00000000e5b80000,0x00000000e5f00000)
 ParOldGen       total 61440K, used 8K [0x00000000a7e00000, 0x00000000aba00000, 0x00000000e2a00000)
  object space 61440K, 0% used [0x00000000a7e00000,0x00000000a7e02000,0x00000000aba00000)
 Metaspace       used 9669K, capacity 10020K, committed 10240K, reserved 1058816K
  class space    used 1144K, capacity 1270K, committed 1280K, reserved 1048576K
}
Event: 1,857 GC heap before
{Heap before GC invocations=2 (full 0):
 PSYoungGen      total 27136K, used 26805K [0x00000000e2a00000, 0x00000000e5f00000, 0x0000000100000000)
  eden space 23552K, 100% used [0x00000000e2a00000,0x00000000e4100000,0x00000000e4100000)
  from space 3584K, 90% used [0x00000000e4100000,0x00000000e442d4b0,0x00000000e4480000)
  to   space 3584K, 0% used [0x00000000e5b80000,0x00000000e5b80000,0x00000000e5f00000)
 ParOldGen       total 61440K, used 8K [0x00000000a7e00000, 0x00000000aba00000, 0x00000000e2a00000)
  object space 61440K, 0% used [0x00000000a7e00000,0x00000000a7e02000,0x00000000aba00000)
 Metaspace       used 15659K, capacity 16218K, committed 16384K, reserved 1062912K
  class space    used 2031K, capacity 2185K, committed 2304K, reserved 1048576K
Event: 1,868 GC heap after
Heap after GC invocations=2 (full 0):
 PSYoungGen      total 50688K, used 3568K [0x00000000e2a00000, 0x00000000e5f00000, 0x0000000100000000)
  eden space 47104K, 0% used [0x00000000e2a00000,0x00000000e2a00000,0x00000000e5800000)
  from space 3584K, 99% used [0x00000000e5b80000,0x00000000e5efc050,0x00000000e5f00000)
  to   space 3584K, 0% used [0x00000000e5800000,0x00000000e5800000,0x00000000e5b80000)
 ParOldGen       total 61440K, used 1734K [0x00000000a7e00000, 0x00000000aba00000, 0x00000000e2a00000)
  object space 61440K, 2% used [0x00000000a7e00000,0x00000000a7fb1ac8,0x00000000aba00000)
 Metaspace       used 15659K, capacity 16218K, committed 16384K, reserved 1062912K
  class space    used 2031K, capacity 2185K, committed 2304K, reserved 1048576K
}
Event: 8,147 GC heap before
{Heap before GC invocations=3 (full 0):
 PSYoungGen      total 50688K, used 28955K [0x00000000e2a00000, 0x00000000e5f00000, 0x0000000100000000)
  eden space 47104K, 53% used [0x00000000e2a00000,0x00000000e42caee8,0x00000000e5800000)
  from space 3584K, 99% used [0x00000000e5b80000,0x00000000e5efc050,0x00000000e5f00000)
  to   space 3584K, 0% used [0x00000000e5800000,0x00000000e5800000,0x00000000e5b80000)
 ParOldGen       total 61440K, used 1734K [0x00000000a7e00000, 0x00000000aba00000, 0x00000000e2a00000)
  object space 61440K, 2% used [0x00000000a7e00000,0x00000000a7fb1ac8,0x00000000aba00000)
 Metaspace       used 20500K, capacity 21220K, committed 21296K, reserved 1067008K
  class space    used 2685K, capacity 2900K, committed 2944K, reserved 1048576K
Event: 8,159 GC heap after
Heap after GC invocations=3 (full 0):
 PSYoungGen      total 50688K, used 3552K [0x00000000e2a00000, 0x00000000e5f00000, 0x0000000100000000)
  eden space 47104K, 0% used [0x00000000e2a00000,0x00000000e2a00000,0x00000000e5800000)
  from space 3584K, 99% used [0x00000000e5800000,0x00000000e5b78030,0x00000000e5b80000)
  to   space 3584K, 0% used [0x00000000e5b80000,0x00000000e5b80000,0x00000000e5f00000)
 ParOldGen       total 61440K, used 6376K [0x00000000a7e00000, 0x00000000aba00000, 0x00000000e2a00000)
  object space 61440K, 10% used [0x00000000a7e00000,0x00000000a843a098,0x00000000aba00000)
 Metaspace       used 20500K, capacity 21220K, committed 21296K, reserved 1067008K
  class space    used 2685K, capacity 2900K, committed 2944K, reserved 1048576K
}
Event: 8,159 GC heap before
{Heap before GC invocations=4 (full 1):
 PSYoungGen      total 50688K, used 3552K [0x00000000e2a00000, 0x00000000e5f00000, 0x0000000100000000)
  eden space 47104K, 0% used [0x00000000e2a00000,0x00000000e2a00000,0x00000000e5800000)
  from space 3584K, 99% used [0x00000000e5800000,0x00000000e5b78030,0x00000000e5b80000)
  to   space 3584K, 0% used [0x00000000e5b80000,0x00000000e5b80000,0x00000000e5f00000)
 ParOldGen       total 61440K, used 6376K [0x00000000a7e00000, 0x00000000aba00000, 0x00000000e2a00000)
  object space 61440K, 10% used [0x00000000a7e00000,0x00000000a843a098,0x00000000aba00000)
 Metaspace       used 20500K, capacity 21220K, committed 21296K, reserved 1067008K
  class space    used 2685K, capacity 2900K, committed 2944K, reserved 1048576K
Event: 8,197 GC heap after
Heap after GC invocations=4 (full 1):
 PSYoungGen      total 50688K, used 0K [0x00000000e2a00000, 0x00000000e5f00000, 0x0000000100000000)
  eden space 47104K, 0% used [0x00000000e2a00000,0x00000000e2a00000,0x00000000e5800000)
  from space 3584K, 0% used [0x00000000e5800000,0x00000000e5800000,0x00000000e5b80000)
  to   space 3584K, 0% used [0x00000000e5b80000,0x00000000e5b80000,0x00000000e5f00000)
 ParOldGen       total 45056K, used 7946K [0x00000000a7e00000, 0x00000000aaa00000, 0x00000000e2a00000)
  object space 45056K, 17% used [0x00000000a7e00000,0x00000000a85c2a08,0x00000000aaa00000)
 Metaspace       used 20500K, capacity 21220K, committed 21296K, reserved 1067008K
  class space    used 2685K, capacity 2900K, committed 2944K, reserved 1048576K
}

